Determining if the pthread_create exist failed with the following output:
Change Dir: /home/sou/catkin_ws/build/CMakeFiles/CMakeTmp

Run Build Command:"/usr/bin/make" "cmTC_7b691/fast"
/usr/bin/make -f CMakeFiles/cmTC_7b691.dir/build.make CMakeFiles/cmTC_7b691.dir/build
make[1]: ディレクトリ '/home/sou/catkin_ws/build/CMakeFiles/CMakeTmp' に入ります
Building C object CMakeFiles/cmTC_7b691.dir/CheckSymbolExists.c.o
/usr/bin/cc     -o CMakeFiles/cmTC_7b691.dir/CheckSymbolExists.c.o   -c /home/sou/catkin_ws/build/CMakeFiles/CMakeTmp/CheckSymbolExists.c
Linking C executable cmTC_7b691
/usr/bin/cmake -E cmake_link_script CMakeFiles/cmTC_7b691.dir/link.txt --verbose=1
/usr/bin/cc       CMakeFiles/cmTC_7b691.dir/CheckSymbolExists.c.o  -o cmTC_7b691 -rdynamic 
CMakeFiles/cmTC_7b691.dir/CheckSymbolExists.c.o: 関数 `main' 内:
CheckSymbolExists.c:(.text+0x16): `pthread_create' に対する定義されていない参照です
collect2: error: ld returned 1 exit status
CMakeFiles/cmTC_7b691.dir/build.make:97: ターゲット 'cmTC_7b691' のレシピで失敗しました
make[1]: *** [cmTC_7b691] エラー 1
make[1]: ディレクトリ '/home/sou/catkin_ws/build/CMakeFiles/CMakeTmp' から出ます
Makefile:126: ターゲット 'cmTC_7b691/fast' のレシピで失敗しました
make: *** [cmTC_7b691/fast] エラー 2

File /home/sou/catkin_ws/build/CMakeFiles/CMakeTmp/CheckSymbolExists.c:
/* */
#include <pthread.h>

int main(int argc, char** argv)
{
  (void)argv;
#ifndef pthread_create
  return ((int*)(&pthread_create))[argc];
#else
  (void)argc;
  return 0;
#endif
}

Determining if the function pthread_create exists in the pthreads failed with the following output:
Change Dir: /home/sou/catkin_ws/build/CMakeFiles/CMakeTmp

Run Build Command:"/usr/bin/make" "cmTC_d4fe5/fast"
/usr/bin/make -f CMakeFiles/cmTC_d4fe5.dir/build.make CMakeFiles/cmTC_d4fe5.dir/build
make[1]: ディレクトリ '/home/sou/catkin_ws/build/CMakeFiles/CMakeTmp' に入ります
Building C object CMakeFiles/cmTC_d4fe5.dir/CheckFunctionExists.c.o
/usr/bin/cc    -DCHECK_FUNCTION_EXISTS=pthread_create   -o CMakeFiles/cmTC_d4fe5.dir/CheckFunctionExists.c.o   -c /usr/share/cmake-3.5/Modules/CheckFunctionExists.c
Linking C executable cmTC_d4fe5
/usr/bin/cmake -E cmake_link_script CMakeFiles/cmTC_d4fe5.dir/link.txt --verbose=1
/usr/bin/cc   -DCHECK_FUNCTION_EXISTS=pthread_create    CMakeFiles/cmTC_d4fe5.dir/CheckFunctionExists.c.o  -o cmTC_d4fe5 -rdynamic -lpthreads 
/usr/bin/ld: -lpthreads が見つかりません
collect2: error: ld returned 1 exit status
CMakeFiles/cmTC_d4fe5.dir/build.make:97: ターゲット 'cmTC_d4fe5' のレシピで失敗しました
make[1]: *** [cmTC_d4fe5] エラー 1
make[1]: ディレクトリ '/home/sou/catkin_ws/build/CMakeFiles/CMakeTmp' から出ます
Makefile:126: ターゲット 'cmTC_d4fe5/fast' のレシピで失敗しました
make: *** [cmTC_d4fe5/fast] エラー 2


