Determining if the pthread_create exist failed with the following output:
Change Dir: /home/sou/catkin_ws/build_isolated/libcreate/devel/CMakeFiles/CMakeTmp

Run Build Command:"/usr/bin/make" "cmTC_a9abb/fast"
/usr/bin/make -f CMakeFiles/cmTC_a9abb.dir/build.make CMakeFiles/cmTC_a9abb.dir/build
make[1]: ディレクトリ '/home/sou/catkin_ws/build_isolated/libcreate/devel/CMakeFiles/CMakeTmp' に入ります
Building C object CMakeFiles/cmTC_a9abb.dir/CheckSymbolExists.c.o
/usr/bin/cc     -o CMakeFiles/cmTC_a9abb.dir/CheckSymbolExists.c.o   -c /home/sou/catkin_ws/build_isolated/libcreate/devel/CMakeFiles/CMakeTmp/CheckSymbolExists.c
Linking C executable cmTC_a9abb
/usr/bin/cmake -E cmake_link_script CMakeFiles/cmTC_a9abb.dir/link.txt --verbose=1
/usr/bin/cc       CMakeFiles/cmTC_a9abb.dir/CheckSymbolExists.c.o  -o cmTC_a9abb -rdynamic 
CMakeFiles/cmTC_a9abb.dir/CheckSymbolExists.c.o: 関数 `main' 内:
CheckSymbolExists.c:(.text+0x16): `pthread_create' に対する定義されていない参照です
collect2: error: ld returned 1 exit status
CMakeFiles/cmTC_a9abb.dir/build.make:97: ターゲット 'cmTC_a9abb' のレシピで失敗しました
make[1]: *** [cmTC_a9abb] エラー 1
make[1]: ディレクトリ '/home/sou/catkin_ws/build_isolated/libcreate/devel/CMakeFiles/CMakeTmp' から出ます
Makefile:126: ターゲット 'cmTC_a9abb/fast' のレシピで失敗しました
make: *** [cmTC_a9abb/fast] エラー 2

File /home/sou/catkin_ws/build_isolated/libcreate/devel/CMakeFiles/CMakeTmp/CheckSymbolExists.c:
/* */
#include <pthread.h>

int main(int argc, char** argv)
{
  (void)argv;
#ifndef pthread_create
  return ((int*)(&pthread_create))[argc];
#else
  (void)argc;
  return 0;
#endif
}

Determining if the function pthread_create exists in the pthreads failed with the following output:
Change Dir: /home/sou/catkin_ws/build_isolated/libcreate/devel/CMakeFiles/CMakeTmp

Run Build Command:"/usr/bin/make" "cmTC_37ffb/fast"
/usr/bin/make -f CMakeFiles/cmTC_37ffb.dir/build.make CMakeFiles/cmTC_37ffb.dir/build
make[1]: ディレクトリ '/home/sou/catkin_ws/build_isolated/libcreate/devel/CMakeFiles/CMakeTmp' に入ります
Building C object CMakeFiles/cmTC_37ffb.dir/CheckFunctionExists.c.o
/usr/bin/cc    -DCHECK_FUNCTION_EXISTS=pthread_create   -o CMakeFiles/cmTC_37ffb.dir/CheckFunctionExists.c.o   -c /usr/share/cmake-3.5/Modules/CheckFunctionExists.c
Linking C executable cmTC_37ffb
/usr/bin/cmake -E cmake_link_script CMakeFiles/cmTC_37ffb.dir/link.txt --verbose=1
/usr/bin/cc   -DCHECK_FUNCTION_EXISTS=pthread_create    CMakeFiles/cmTC_37ffb.dir/CheckFunctionExists.c.o  -o cmTC_37ffb -rdynamic -lpthreads 
/usr/bin/ld: -lpthreads が見つかりません
collect2: error: ld returned 1 exit status
CMakeFiles/cmTC_37ffb.dir/build.make:97: ターゲット 'cmTC_37ffb' のレシピで失敗しました
make[1]: *** [cmTC_37ffb] エラー 1
make[1]: ディレクトリ '/home/sou/catkin_ws/build_isolated/libcreate/devel/CMakeFiles/CMakeTmp' から出ます
Makefile:126: ターゲット 'cmTC_37ffb/fast' のレシピで失敗しました
make: *** [cmTC_37ffb/fast] エラー 2


